# JRE version: OpenJDK Runtime Environment (22.0.1+8) (build 22.0.1+8-16)
# Java VM: OpenJDK 64-Bit Server VM (22.0.1+8-16, mixed mode, sharing, tiered, compressed oops, compressed class ptrs, g1 gc, bsd-amd64)
Heap:
 garbage-first heap   total reserved 524288K, committed 262144K, used 160582K [0x00000007e0000000, 0x0000000800000000)
  region size 1024K, 57 young (58368K), 13 survivors (13312K)
 Metaspace       used 76209K, committed 78528K, reserved 458752K
  class space    used 11045K, committed 12160K, reserved 327680K
GC Heap History (20 events):
Event: 4.376 GC heap before
{Heap before GC invocations=4 (full 0):
 garbage-first heap   total reserved 524288K, committed 264192K, used 29605K [0x00000007e0000000, 0x0000000800000000)
  region size 1024K, 16 young (16384K), 10 survivors (10240K)
 Metaspace       used 20822K, committed 21504K, reserved 393216K
  class space    used 3119K, committed 3392K, reserved 327680K
}
Event: 4.384 GC heap after
{Heap after GC invocations=5 (full 0):
 garbage-first heap   total reserved 524288K, committed 264192K, used 24965K [0x00000007e0000000, 0x0000000800000000)
  region size 1024K, 7 young (7168K), 7 survivors (7168K)
 Metaspace       used 20822K, committed 21504K, reserved 393216K
  class space    used 3119K, committed 3392K, reserved 327680K
}
Event: 6.651 GC heap before
{Heap before GC invocations=6 (full 0):
 garbage-first heap   total reserved 524288K, committed 262144K, used 137605K [0x00000007e0000000, 0x0000000800000000)
  region size 1024K, 108 young (110592K), 7 survivors (7168K)
 Metaspace       used 34883K, committed 36160K, reserved 393216K
  class space    used 5224K, committed 5824K, reserved 327680K
}
Event: 6.682 GC heap after
{Heap after GC invocations=7 (full 0):
 garbage-first heap   total reserved 524288K, committed 262144K, used 45125K [0x00000007e0000000, 0x0000000800000000)
  region size 1024K, 15 young (15360K), 15 survivors (15360K)
 Metaspace       used 34883K, committed 36160K, reserved 393216K
  class space    used 5224K, committed 5824K, reserved 327680K
}
Event: 6.712 GC heap before
{Heap before GC invocations=7 (full 0):
 garbage-first heap   total reserved 524288K, committed 262144K, used 46149K [0x00000007e0000000, 0x0000000800000000)
  region size 1024K, 17 young (17408K), 15 survivors (15360K)
 Metaspace       used 35186K, committed 36480K, reserved 393216K
  class space    used 5249K, committed 5824K, reserved 327680K
}
Event: 6.725 GC heap after
{Heap after GC invocations=8 (full 0):
 garbage-first heap   total reserved 524288K, committed 262144K, used 44447K [0x00000007e0000000, 0x0000000800000000)
  region size 1024K, 9 young (9216K), 9 survivors (9216K)
 Metaspace       used 35186K, committed 36480K, reserved 393216K
  class space    used 5249K, committed 5824K, reserved 327680K
}
Event: 6.800 GC heap before
{Heap before GC invocations=8 (full 0):
 garbage-first heap   total reserved 524288K, committed 262144K, used 47519K [0x00000007e0000000, 0x0000000800000000)
  region size 1024K, 13 young (13312K), 9 survivors (9216K)
 Metaspace       used 35506K, committed 36800K, reserved 393216K
  class space    used 5276K, committed 5888K, reserved 327680K
}
Event: 6.808 GC heap after
{Heap after GC invocations=9 (full 0):
 garbage-first heap   total reserved 524288K, committed 262144K, used 45432K [0x00000007e0000000, 0x0000000800000000)
  region size 1024K, 10 young (10240K), 10 survivors (10240K)
 Metaspace       used 35506K, committed 36800K, reserved 393216K
  class space    used 5276K, committed 5888K, reserved 327680K
}
Event: 9.704 GC heap before
{Heap before GC invocations=10 (full 0):
 garbage-first heap   total reserved 524288K, committed 262144K, used 211320K [0x00000007e0000000, 0x0000000800000000)
  region size 1024K, 153 young (156672K), 10 survivors (10240K)
 Metaspace       used 49668K, committed 51264K, reserved 393216K
  class space    used 7238K, committed 8000K, reserved 327680K
}
Event: 9.751 GC heap after
{Heap after GC invocations=11 (full 0):
 garbage-first heap   total reserved 524288K, committed 262144K, used 69887K [0x00000007e0000000, 0x0000000800000000)
  region size 1024K, 20 young (20480K), 20 survivors (20480K)
 Metaspace       used 49668K, committed 51264K, reserved 393216K
  class space    used 7238K, committed 8000K, reserved 327680K
}
Event: 12.124 GC heap before
{Heap before GC invocations=11 (full 0):
 garbage-first heap   total reserved 524288K, committed 262144K, used 187647K [0x00000007e0000000, 0x0000000800000000)
  region size 1024K, 136 young (139264K), 20 survivors (20480K)
 Metaspace       used 59642K, committed 61568K, reserved 393216K
  class space    used 8863K, committed 9792K, reserved 327680K
}
Event: 12.155 GC heap after
{Heap after GC invocations=12 (full 0):
 garbage-first heap   total reserved 524288K, committed 262144K, used 78336K [0x00000007e0000000, 0x0000000800000000)
  region size 1024K, 9 young (9216K), 9 survivors (9216K)
 Metaspace       used 59642K, committed 61568K, reserved 393216K
  class space    used 8863K, committed 9792K, reserved 327680K
}
Event: 12.275 GC heap before
{Heap before GC invocations=12 (full 0):
 garbage-first heap   total reserved 524288K, committed 262144K, used 83456K [0x00000007e0000000, 0x0000000800000000)
  region size 1024K, 15 young (15360K), 9 survivors (9216K)
 Metaspace       used 59928K, committed 61888K, reserved 393216K
  class space    used 8893K, committed 9792K, reserved 327680K
}
Event: 12.283 GC heap after
{Heap after GC invocations=13 (full 0):
 garbage-first heap   total reserved 524288K, committed 262144K, used 77824K [0x00000007e0000000, 0x0000000800000000)
  region size 1024K, 8 young (8192K), 8 survivors (8192K)
 Metaspace       used 59928K, committed 61888K, reserved 393216K
  class space    used 8893K, committed 9792K, reserved 327680K
}
Event: 15.139 GC heap before
{Heap before GC invocations=14 (full 0):
 garbage-first heap   total reserved 524288K, committed 262144K, used 236544K [0x00000007e0000000, 0x0000000800000000)
  region size 1024K, 153 young (156672K), 8 survivors (8192K)
 Metaspace       used 68188K, committed 70336K, reserved 393216K
  class space    used 10102K, committed 11136K, reserved 327680K
}
Event: 15.161 GC heap after
{Heap after GC invocations=15 (full 0):
 garbage-first heap   total reserved 524288K, committed 262144K, used 101518K [0x00000007e0000000, 0x0000000800000000)
  region size 1024K, 20 young (20480K), 20 survivors (20480K)
 Metaspace       used 68188K, committed 70336K, reserved 393216K
  class space    used 10102K, committed 11136K, reserved 327680K
}
Event: 709.423 GC heap before
{Heap before GC invocations=15 (full 0):
 garbage-first heap   total reserved 524288K, committed 262144K, used 228494K [0x00000007e0000000, 0x0000000800000000)
  region size 1024K, 142 young (145408K), 20 survivors (20480K)
 Metaspace       used 74452K, committed 76672K, reserved 458752K
  class space    used 10856K, committed 11904K, reserved 327680K
}
Event: 709.804 GC heap after
{Heap after GC invocations=16 (full 0):
 garbage-first heap   total reserved 524288K, committed 262144K, used 111393K [0x00000007e0000000, 0x0000000800000000)
  region size 1024K, 8 young (8192K), 8 survivors (8192K)
 Metaspace       used 74452K, committed 76672K, reserved 458752K
  class space    used 10856K, committed 11904K, reserved 327680K
}
Event: 712.381 GC heap before
{Heap before GC invocations=16 (full 0):
 garbage-first heap   total reserved 524288K, committed 262144K, used 237345K [0x00000007e0000000, 0x0000000800000000)
  region size 1024K, 131 young (134144K), 8 survivors (8192K)
 Metaspace       used 75159K, committed 77376K, reserved 458752K
  class space    used 10908K, committed 11968K, reserved 327680K
}
Event: 712.407 GC heap after
{Heap after GC invocations=17 (full 0):
 garbage-first heap   total reserved 524288K, committed 262144K, used 116001K [0x00000007e0000000, 0x0000000800000000)
  region size 1024K, 13 young (13312K), 13 survivors (13312K)
 Metaspace       used 75159K, committed 77376K, reserved 458752K
  class space    used 10908K, committed 11968K, reserved 327680K
}

